生成启动时间为 2016/10/14 17:37:16。
     1>项目“E:\ffmpeg练习\ffmpeg2\ffmpeg2\ffmpeg2.vcxproj”在节点 2 上(Build 个目标)。
     1>ClCompile:
         D:\Microsoft Visual Studio 11.0\VC\bin\CL.exe /c /I"C:\Users\modiz\Documents\Visual Studio 2012\Projects\ffmpeg2\ffmpeg2\include" /ZI /nologo /W3 /WX- /sdl- /Od /Oy- /D _CRT_SECURE_NO_WARNINGS /D _MBCS /Gm /EHsc /RTC1 /MDd /GS /fp:precise /Zc:wchar_t /Zc:forScope /Fo"Debug\\" /Fd"Debug\vc110.pdb" /Gd /TP /analyze- /errorReport:prompt ffmpeg2.cpp
         ffmpeg2.cpp
     1>e:\ffmpeg练习\ffmpeg2\ffmpeg2\ffmpeg2.cpp(101): warning C4018: “<”: 有符号/无符号不匹配
     1>e:\ffmpeg练习\ffmpeg2\ffmpeg2\ffmpeg2.cpp(247): warning C4018: “<=”: 有符号/无符号不匹配
     1>e:\ffmpeg练习\ffmpeg2\ffmpeg2\ffmpeg2.cpp(287): warning C4018: “<”: 有符号/无符号不匹配
     1>e:\ffmpeg练习\ffmpeg2\ffmpeg2\ffmpeg2.cpp(329): warning C4996: 'av_dup_packet': 被声明为已否决
                 c:\users\modiz\documents\visual studio 2012\projects\ffmpeg2\ffmpeg2\include\libavcodec\avcodec.h(3949) : 参见“av_dup_packet”的声明
     1>e:\ffmpeg练习\ffmpeg2\ffmpeg2\ffmpeg2.cpp(332): warning C4996: 'av_free_packet': 被声明为已否决
                 c:\users\modiz\documents\visual studio 2012\projects\ffmpeg2\ffmpeg2\include\libavcodec\avcodec.h(3972) : 参见“av_free_packet”的声明
     1>e:\ffmpeg练习\ffmpeg2\ffmpeg2\ffmpeg2.cpp(358): warning C4996: 'av_free_packet': 被声明为已否决
                 c:\users\modiz\documents\visual studio 2012\projects\ffmpeg2\ffmpeg2\include\libavcodec\avcodec.h(3972) : 参见“av_free_packet”的声明
     1>e:\ffmpeg练习\ffmpeg2\ffmpeg2\ffmpeg2.cpp(370): warning C4996: 'av_free_packet': 被声明为已否决
                 c:\users\modiz\documents\visual studio 2012\projects\ffmpeg2\ffmpeg2\include\libavcodec\avcodec.h(3972) : 参见“av_free_packet”的声明
     1>e:\ffmpeg练习\ffmpeg2\ffmpeg2\ffmpeg2.cpp(438): warning C4996: 'av_free_packet': 被声明为已否决
                 c:\users\modiz\documents\visual studio 2012\projects\ffmpeg2\ffmpeg2\include\libavcodec\avcodec.h(3972) : 参见“av_free_packet”的声明
     1>e:\ffmpeg练习\ffmpeg2\ffmpeg2\ffmpeg2.cpp(441): warning C4996: 'av_free_packet': 被声明为已否决
                 c:\users\modiz\documents\visual studio 2012\projects\ffmpeg2\ffmpeg2\include\libavcodec\avcodec.h(3972) : 参见“av_free_packet”的声明
     1>e:\ffmpeg练习\ffmpeg2\ffmpeg2\ffmpeg2.cpp(411): warning C4700: 使用了未初始化的局部变量“remove_filename”
       Link:
         D:\Microsoft Visual Studio 11.0\VC\bin\link.exe /ERRORREPORT:PROMPT /OUT:"E:\ffmpeg练习\ffmpeg2\Debug\ffmpeg2.exe" /INCREMENTAL /NOLOGO /LIBPATH:"C:\Users\modiz\Documents\Visual Studio 2012\Projects\ffmpeg2\ffmpeg2\lib" kernel32.lib user32.lib gdi32.lib winspool.lib comdlg32.lib advapi32.lib shell32.lib ole32.lib oleaut32.lib uuid.lib odbc32.lib odbccp32.lib /MANIFEST /MANIFESTUAC:"level='asInvoker' uiAccess='false'" /manifest:embed /DEBUG /PDB:"E:\ffmpeg练习\ffmpeg2\Debug\ffmpeg2.pdb" /SUBSYSTEM:CONSOLE /TLBID:1 /DYNAMICBASE /NXCOMPAT /IMPLIB:"E:\ffmpeg练习\ffmpeg2\Debug\ffmpeg2.lib" /MACHINE:X86 Debug\ffmpeg2.obj
         Debug\getopt.obj
         ffmpeg2.vcxproj -> E:\ffmpeg练习\ffmpeg2\Debug\ffmpeg2.exe
     1>已完成生成项目“E:\ffmpeg练习\ffmpeg2\ffmpeg2\ffmpeg2.vcxproj”(Build 个目标)的操作。

生成成功。

已用时间 00:00:00.53
