C:\USERS\MODIZ\DOCUMENTS\VISUAL STUDIO 2012\PROJECTS\完美婚姻算法\完美婚姻算法\DEBUG\完美婚姻算法.OBJ
C:\USERS\MODIZ\DOCUMENTS\VISUAL STUDIO 2012\PROJECTS\完美婚姻算法\完美婚姻算法\DEBUG\VC110.PDB
C:\USERS\MODIZ\DOCUMENTS\VISUAL STUDIO 2012\PROJECTS\完美婚姻算法\DEBUG\完美婚姻算法.ILK
C:\USERS\MODIZ\DOCUMENTS\VISUAL STUDIO 2012\PROJECTS\完美婚姻算法\DEBUG\完美婚姻算法.EXE
C:\USERS\MODIZ\DOCUMENTS\VISUAL STUDIO 2012\PROJECTS\完美婚姻算法\DEBUG\完美婚姻算法.PDB
c:\Users\modiz\documents\visual studio 2012\Projects\完美婚姻算法\完美婚姻算法\Debug\完美婚姻算法.obj
c:\Users\modiz\documents\visual studio 2012\Projects\完美婚姻算法\完美婚姻算法\Debug\cl.command.1.tlog
c:\Users\modiz\documents\visual studio 2012\Projects\完美婚姻算法\完美婚姻算法\Debug\CL.read.1.tlog
c:\Users\modiz\documents\visual studio 2012\Projects\完美婚姻算法\完美婚姻算法\Debug\CL.write.1.tlog
c:\Users\modiz\documents\visual studio 2012\Projects\完美婚姻算法\完美婚姻算法\Debug\link-cvtres.read.1.tlog
c:\Users\modiz\documents\visual studio 2012\Projects\完美婚姻算法\完美婚姻算法\Debug\link-cvtres.write.1.tlog
c:\Users\modiz\documents\visual studio 2012\Projects\完美婚姻算法\完美婚姻算法\Debug\link-rc.read.1.tlog
c:\Users\modiz\documents\visual studio 2012\Projects\完美婚姻算法\完美婚姻算法\Debug\link-rc.write.1.tlog
c:\Users\modiz\documents\visual studio 2012\Projects\完美婚姻算法\完美婚姻算法\Debug\link.command.1.tlog
c:\Users\modiz\documents\visual studio 2012\Projects\完美婚姻算法\完美婚姻算法\Debug\link.read.1.tlog
c:\Users\modiz\documents\visual studio 2012\Projects\完美婚姻算法\完美婚姻算法\Debug\link.write.1.tlog
c:\Users\modiz\documents\visual studio 2012\Projects\完美婚姻算法\完美婚姻算法\Debug\vc110.idb
c:\Users\modiz\documents\visual studio 2012\Projects\完美婚姻算法\完美婚姻算法\Debug\vc110.pdb
c:\users\modiz\documents\visual studio 2012\Projects\完美婚姻算法\Debug\完美婚姻算法.pdb
c:\users\modiz\documents\visual studio 2012\Projects\完美婚姻算法\Debug\完美婚姻算法.exe
c:\users\modiz\documents\visual studio 2012\Projects\完美婚姻算法\Debug\完美婚姻算法.ilk
